<?xml version="1.0" encoding="UTF-8"?>
<testng-results skipped="0" failed="0" total="1" passed="1">
  <reporter-output>
  </reporter-output>
  <suite name="Suite" duration-ms="7395" started-at="2017-12-08T12:58:45Z" finished-at="2017-12-08T12:58:52Z">
    <groups>
    </groups>
    <test name="Test" duration-ms="7395" started-at="2017-12-08T12:58:45Z" finished-at="2017-12-08T12:58:52Z">
      <class name="Cable.UserCreationTest">
        <test-method status="PASS" signature="Intializebrowser()[pri:0, instance:Cable.UserCreationTest@dbf57b3]" name="Intializebrowser" is-config="true" duration-ms="5509" started-at="2017-12-08T18:28:45Z" finished-at="2017-12-08T18:28:51Z">
          <reporter-output>
          </reporter-output>
        </test-method> <!-- Intializebrowser -->
        <test-method status="PASS" signature="LoginTestone()[pri:0, instance:Cable.UserCreationTest@dbf57b3]" name="LoginTestone" duration-ms="1243" started-at="2017-12-08T18:28:51Z" finished-at="2017-12-08T18:28:52Z">
          <reporter-output>
          </reporter-output>
        </test-method> <!-- LoginTestone -->
        <test-method status="PASS" signature="tearDown()[pri:0, instance:Cable.UserCreationTest@dbf57b3]" name="tearDown" is-config="true" duration-ms="633" started-at="2017-12-08T18:28:52Z" finished-at="2017-12-08T18:28:52Z">
          <reporter-output>
          </reporter-output>
        </test-method> <!-- tearDown -->
      </class> <!-- Cable.UserCreationTest -->
    </test> <!-- Test -->
  </suite> <!-- Suite -->
</testng-results>
